<?xml version="1.0" encoding="UTF-8"?>
<!-- Generated by org.testng.reporters.JUnitXMLReporter -->
<testsuite hostname="Pranil" name="default-test" tests="10" failures="1" timestamp="23 Jun 2021 07:03:40 GMT" time="0.118" errors="0">
  <testcase name="tc001" time="0.023" classname="framework.Testng.Test_listeners.MyTest"/>
  <testcase name="tc002" time="0.005" classname="framework.Testng.Test_listeners.MyTest">
    <failure type="java.lang.AssertionError" message="expected [google] but found [gmail]">
      <![CDATA[java.lang.AssertionError: expected [google] but found [gmail]
	at framework.Testng.Test_listeners.MyTest.tc002(MyTest.java:18)
... Removed 31 stack frames]]>
    </failure>
  </testcase> <!-- tc002 -->
  <testcase name="tc003" time="0.003" classname="framework.Testng.Test_listeners.MyTest">
    <skipped/>
  </testcase> <!-- tc003 -->
  <testcase name="tc004" time="0.001" classname="framework.Testng.Test_listeners.MyTest"/>
  <testcase name="tc005" time="0.001" classname="framework.Testng.Test_listeners.MyTest">
    <skipped/>
  </testcase> <!-- tc005 -->
  <testcase name="tc006" time="0.005" classname="framework.Testng.Test_listeners.MyTest"/>
  <testcase name="tc006" time="0.003" classname="framework.Testng.Test_listeners.MyTest"/>
  <testcase name="tc006" time="0.007" classname="framework.Testng.Test_listeners.MyTest"/>
  <testcase name="tc006" time="0.002" classname="framework.Testng.Test_listeners.MyTest"/>
  <testcase name="tc006" time="0.002" classname="framework.Testng.Test_listeners.MyTest"/>
</testsuite> <!-- default-test -->
