<?xml version="1.0" encoding="UTF-8"?>
<!-- Generated by org.testng.reporters.JUnitXMLReporter -->
<testsuite hostname="Pranil" name="Test_firefox" tests="3" failures="0" timestamp="22 Jun 2021 07:35:25 GMT" time="18.265" errors="0">
  <testcase name="launchBrowser" time="13.024" classname="framework.Testng.CrossBrowser.CrossBrowser_Test"/>
  <testcase name="loadApp" time="2.626" classname="framework.Testng.CrossBrowser.CrossBrowser_Test"/>
  <testcase name="User_Registration" time="2.572" classname="framework.Testng.CrossBrowser.CrossBrowser_Test"/>
</testsuite> <!-- Test_firefox -->
