<?xml version="1.0" encoding="UTF-8"?>
<!-- Generated by org.testng.reporters.JUnitXMLReporter -->
<testsuite hostname="Pranil" name="Test_Chrome" tests="3" failures="0" timestamp="22 Jun 2021 07:35:28 GMT" time="21.489" errors="0">
  <testcase name="launchBrowser" time="2.753" classname="framework.Testng.CrossBrowser.CrossBrowser_Test"/>
  <testcase name="loadApp" time="16.356" classname="framework.Testng.CrossBrowser.CrossBrowser_Test"/>
  <testcase name="User_Registration" time="2.336" classname="framework.Testng.CrossBrowser.CrossBrowser_Test"/>
</testsuite> <!-- Test_Chrome -->
