<?xml version="1.0" encoding="UTF-8"?>
<!-- Generated by org.testng.reporters.JUnitXMLReporter -->
<testsuite hostname="Pranil" name="Admin_test" tests="9" failures="0" timestamp="21 Jun 2021 07:10:12 GMT" time="0.103" errors="0">
  <testcase name="tc004" time="0.014" classname="framework.Testng.TestSuite.Class2"/>
  <testcase name="tc005" time="0.002" classname="framework.Testng.TestSuite.Class2"/>
  <testcase name="tc006" time="0.002" classname="framework.Testng.TestSuite.Class2"/>
  <testcase name="tc001" time="0.004" classname="framework.Testng.TestSuite.Class1"/>
  <testcase name="tc002" time="0.005" classname="framework.Testng.TestSuite.Class1"/>
  <testcase name="tc003" time="0.002" classname="framework.Testng.TestSuite.Class1"/>
  <testcase name="tc007" time="0.001" classname="framework.Testng.TestSuite.Class3"/>
  <testcase name="tc008" time="0.002" classname="framework.Testng.TestSuite.Class3"/>
  <testcase name="tc009" time="0.001" classname="framework.Testng.TestSuite.Class3"/>
</testsuite> <!-- Admin_test -->
