<?xml version="1.0" encoding="UTF-8"?>
<!-- Generated by org.testng.reporters.JUnitXMLReporter -->
<testsuite hostname="Pranil" name="Default test" tests="3" failures="0" timestamp="21 Jun 2021 07:06:08 GMT" time="0.059" errors="0">
  <testcase name="tc001" time="0.012" classname="framework.Testng.TestSuite.Class1"/>
  <testcase name="tc002" time="0.002" classname="framework.Testng.TestSuite.Class1"/>
  <testcase name="tc003" time="0.002" classname="framework.Testng.TestSuite.Class1"/>
</testsuite> <!-- Default test -->
