<?xml version="1.0" encoding="UTF-8"?>
<!-- Generated by org.testng.reporters.JUnitXMLReporter -->
<testsuite hostname="Pranil" name="default-test" tests="4" failures="0" timestamp="21 Jun 2021 07:12:48 GMT" time="0.052" errors="0">
  <testcase name="tc001" time="0.015" classname="framework.Testng.TestSuite.Class1"/>
  <testcase name="tc003" time="0.004" classname="framework.Testng.TestSuite.Class1"/>
  <testcase name="tc004" time="0.003" classname="framework.Testng.TestSuite.Class2"/>
  <testcase name="tc006" time="0.002" classname="framework.Testng.TestSuite.Class2"/>
</testsuite> <!-- default-test -->
